[w3crm.dexignzone.com/xhtml/index.html]
[backblue.gif]
[fade.gif]
[index.html]
[w3crm.dexignzone.com/xhtml/social-image.png]
[w3crm.dexignzone.com/xhtml/images/favicon.png]
[w3crm.dexignzone.com/xhtml/vendor/bootstrap-select/dist/css/bootstrap-select.min.css]
[w3crm.dexignzone.com/xhtml/vendor/swiper/css/swiper-bundle.min.css]
[cdnjs.cloudflare.com/ajax/libs/noUiSlider/14.6.4/nouislider.min.css]
[w3crm.dexignzone.com/xhtml/vendor/datatables/css/jquery.dataTables.min.css]
[w3crm.dexignzone.com/xhtml/vendor/jvmap/jquery-jvectormap.css]
[cdn.datatables.net/buttons/1.6.4/css/buttons.dataTables.min.css]
[w3crm.dexignzone.com/xhtml/vendor/bootstrap-datetimepicker/css/bootstrap-datetimepicker.min.css]
[w3crm.dexignzone.com/xhtml/vendor/tagify/dist/tagify.css]
[w3crm.dexignzone.com/xhtml/images/avatar/1.jpg]
[w3crm.dexignzone.com/xhtml/css/style.css]
[w3crm.dexignzone.com/xhtml/images/avatar/2.jpg]
[w3crm.dexignzone.com/xhtml/images/avatar/3.jpg]
[w3crm.dexignzone.com/xhtml/images/avatar/4.jpg]
[w3crm.dexignzone.com/xhtml/images/avatar/5.jpg]
[w3crm.dexignzone.com/xhtml/images/tab/1.jpg]
[w3crm.dexignzone.com/xhtml/app-profile.html]
[w3crm.dexignzone.com/xhtml/page-login.html]
[w3crm.dexignzone.com/xhtml/email-inbox.html]
[w3crm.dexignzone.com/xhtml/index-2.html]
[w3crm.dexignzone.com/xhtml/employee.html]
[w3crm.dexignzone.com/xhtml/core-hr.html]
[w3crm.dexignzone.com/xhtml/finance.html]
[w3crm.dexignzone.com/xhtml/task.html]
[w3crm.dexignzone.com/xhtml/task-summary.html]
[w3crm.dexignzone.com/xhtml/performance.html]
[w3crm.dexignzone.com/xhtml/project.html]
[w3crm.dexignzone.com/xhtml/reports.html]
[w3crm.dexignzone.com/xhtml/manage-client.html]
[w3crm.dexignzone.com/xhtml/blog-1.html]
[w3crm.dexignzone.com/xhtml/profile/overview.html]
[w3crm.dexignzone.com/xhtml/profile/projects.html]
[w3crm.dexignzone.com/xhtml/profile/projects-details.html]
[w3crm.dexignzone.com/xhtml/profile/campaigns.html]
[w3crm.dexignzone.com/xhtml/profile/documents.html]
[w3crm.dexignzone.com/xhtml/profile/followers.html]
[w3crm.dexignzone.com/xhtml/profile/activity.html]
[w3crm.dexignzone.com/xhtml/account/overview.html]
[w3crm.dexignzone.com/xhtml/account/security.html]
[w3crm.dexignzone.com/xhtml/account/settings.html]
[w3crm.dexignzone.com/xhtml/account/activity.html]
[w3crm.dexignzone.com/xhtml/account/billing.html]
[w3crm.dexignzone.com/xhtml/account/statements.html]
[w3crm.dexignzone.com/xhtml/account/referrals.html]
[w3crm.dexignzone.com/xhtml/account/api-keys.html]
[w3crm.dexignzone.com/xhtml/account/logs.html]
[w3crm.dexignzone.com/xhtml/chat.html]
[w3crm.dexignzone.com/xhtml/user.html]
[w3crm.dexignzone.com/xhtml/edit-profile.html]
[w3crm.dexignzone.com/xhtml/user-roles.html]
[w3crm.dexignzone.com/xhtml/add-role.html]
[w3crm.dexignzone.com/xhtml/app-profile-1.html]
[w3crm.dexignzone.com/xhtml/post-details.html]
[w3crm.dexignzone.com/xhtml/app-profile-2.html]
[w3crm.dexignzone.com/xhtml/customer.html]
[w3crm.dexignzone.com/xhtml/customer-profile.html]
[w3crm.dexignzone.com/xhtml/contacts.html]
[w3crm.dexignzone.com/xhtml/email-compose.html]
[w3crm.dexignzone.com/xhtml/email-read.html]
[w3crm.dexignzone.com/xhtml/app-calender.html]
[w3crm.dexignzone.com/xhtml/ecom-product-grid.html]
[w3crm.dexignzone.com/xhtml/ecom-product-list.html]
[w3crm.dexignzone.com/xhtml/ecom-product-detail.html]
[w3crm.dexignzone.com/xhtml/ecom-product-order.html]
[w3crm.dexignzone.com/xhtml/ecom-checkout.html]
[w3crm.dexignzone.com/xhtml/ecom-invoice.html]
[w3crm.dexignzone.com/xhtml/auto-write.html]
[w3crm.dexignzone.com/xhtml/ecom-customers.html]
[w3crm.dexignzone.com/xhtml/scheduled.html]
[w3crm.dexignzone.com/xhtml/repurpose.html]
[w3crm.dexignzone.com/xhtml/rss.html]
[w3crm.dexignzone.com/xhtml/chatbot.html]
[w3crm.dexignzone.com/xhtml/fine-tune-models.html]
[w3crm.dexignzone.com/xhtml/prompt.html]
[w3crm.dexignzone.com/xhtml/setting.html]
[w3crm.dexignzone.com/xhtml/import.html]
[w3crm.dexignzone.com/xhtml/menu.html]
[w3crm.dexignzone.com/xhtml/content.html]
[w3crm.dexignzone.com/xhtml/email-template.html]
[w3crm.dexignzone.com/xhtml/blog.html]
[w3crm.dexignzone.com/xhtml/chart-flot.html]
[w3crm.dexignzone.com/xhtml/chart-morris.html]
[w3crm.dexignzone.com/xhtml/chart-chartjs.html]
[w3crm.dexignzone.com/xhtml/chart-chartist.html]
[w3crm.dexignzone.com/xhtml/chart-peity.html]
[w3crm.dexignzone.com/xhtml/chart-sparkline.html]
[w3crm.dexignzone.com/xhtml/ui-accordion.html]
[w3crm.dexignzone.com/xhtml/ui-alert.html]
[w3crm.dexignzone.com/xhtml/ui-button.html]
[w3crm.dexignzone.com/xhtml/ui-badge.html]
[w3crm.dexignzone.com/xhtml/ui-modal.html]
[w3crm.dexignzone.com/xhtml/ui-button-group.html]
[w3crm.dexignzone.com/xhtml/ui-card.html]
[w3crm.dexignzone.com/xhtml/ui-carousel.html]
[w3crm.dexignzone.com/xhtml/ui-list-group.html]
[w3crm.dexignzone.com/xhtml/ui-dropdown.html]
[w3crm.dexignzone.com/xhtml/ui-popover.html]
[w3crm.dexignzone.com/xhtml/ui-progressbar.html]
[w3crm.dexignzone.com/xhtml/ui-tab.html]
[w3crm.dexignzone.com/xhtml/ui-typography.html]
[w3crm.dexignzone.com/xhtml/ui-pagination.html]
[w3crm.dexignzone.com/xhtml/ui-grid.html]
[w3crm.dexignzone.com/xhtml/uc-select2.html]
[w3crm.dexignzone.com/xhtml/uc-nestable.html]
[w3crm.dexignzone.com/xhtml/uc-noui-slider.html]
[w3crm.dexignzone.com/xhtml/uc-sweetalert.html]
[w3crm.dexignzone.com/xhtml/uc-toastr.html]
[w3crm.dexignzone.com/xhtml/map-jqvmap.html]
[w3crm.dexignzone.com/xhtml/uc-lightgallery.html]
[w3crm.dexignzone.com/xhtml/svg-icon.html]
[w3crm.dexignzone.com/xhtml/widget-basic.html]
[w3crm.dexignzone.com/xhtml/form-element.html]
[w3crm.dexignzone.com/xhtml/form-wizard.html]
[w3crm.dexignzone.com/xhtml/form-ckeditor.html]
[w3crm.dexignzone.com/xhtml/form-pickers.html]
[w3crm.dexignzone.com/xhtml/form-validation.html]
[w3crm.dexignzone.com/xhtml/table-bootstrap-basic.html]
[w3crm.dexignzone.com/xhtml/table-datatable-basic.html]
[w3crm.dexignzone.com/xhtml/page-register.html]
[w3crm.dexignzone.com/xhtml/page-error-400.html]
[w3crm.dexignzone.com/xhtml/page-error-403.html]
[w3crm.dexignzone.com/xhtml/page-error-404.html]
[w3crm.dexignzone.com/xhtml/page-error-500.html]
[w3crm.dexignzone.com/xhtml/page-error-503.html]
[w3crm.dexignzone.com/xhtml/page-lock-screen.html]
[w3crm.dexignzone.com/xhtml/empty-page.html]
[w3crm.dexignzone.com/xhtml/images/contacts/pic1.jpg]
[w3crm.dexignzone.com/xhtml/images/contacts/pic555.jpg]
[w3crm.dexignzone.com/xhtml/images/contacts/pic666.jpg]
[w3crm.dexignzone.com/xhtml/images/contacts/pic777.jpg]
[w3crm.dexignzone.com/xhtml/images/contacts/pic2.jpg]
[w3crm.dexignzone.com/xhtml/images/contacts/pic888.jpg]
[w3crm.dexignzone.com/xhtml/images/contacts/pic999.jpg]
[w3crm.dexignzone.com/xhtml/images/country/india.png]
[w3crm.dexignzone.com/xhtml/images/country/canada.png]
[w3crm.dexignzone.com/xhtml/images/country/russia.png]
[w3crm.dexignzone.com/xhtml/images/country/uk.png]
[w3crm.dexignzone.com/xhtml/images/country/aus.png]
[w3crm.dexignzone.com/xhtml/images/country/usa.png]
[w3crm.dexignzone.com/xhtml/images/country/pak.png]
[w3crm.dexignzone.com/xhtml/images/country/germany.png]
[w3crm.dexignzone.com/xhtml/images/country/uae.png]
[w3crm.dexignzone.com/xhtml/images/country/china.png]
[w3crm.dexignzone.com/xhtml/images/contacts/d1.jpg]
[w3crm.dexignzone.com/xhtml/images/contacts/d2.jpg]
[w3crm.dexignzone.com/xhtml/images/contacts/d3.jpg]
[w3crm.dexignzone.com/xhtml/images/contacts/d4.jpg]
[w3crm.dexignzone.com/xhtml/images/contacts/d5.jpg]
[w3crm.dexignzone.com/xhtml/images/contacts/d6.jpg]
[w3crm.dexignzone.com/xhtml/images/contacts/d7.jpg]
[w3crm.dexignzone.com/xhtml/images/contacts/d8.jpg]
[w3crm.dexignzone.com/xhtml/images/contacts/d14.jpg]
[w3crm.dexignzone.com/xhtml/images/contacts/d13.jpg]
[w3crm.dexignzone.com/xhtml/images/contacts/d9.jpg]
[w3crm.dexignzone.com/xhtml/images/contacts/d10.jpg]
[w3crm.dexignzone.com/xhtml/images/contacts/d11.jpg]
[w3crm.dexignzone.com/xhtml/images/contacts/d12.jpg]
[w3crm.dexignzone.com/xhtml/images/contacts/pic3.jpg]
[w3crm.dexignzone.com/cdn-cgi/scripts/5c5dd728/cloudflare-static/email-decode.min.js]
[w3crm.dexignzone.com/xhtml/vendor/global/global.min.js]
[w3crm.dexignzone.com/xhtml/vendor/chart.js/Chart.bundle.min.js]
[w3crm.dexignzone.com/xhtml/vendor/bootstrap-select/dist/js/bootstrap-select.min.js]
[w3crm.dexignzone.com/xhtml/vendor/apexchart/apexchart.js]
[w3crm.dexignzone.com/xhtml/js/dashboard/dashboard-1.js]
[w3crm.dexignzone.com/xhtml/vendor/draggable/draggable.js]
[w3crm.dexignzone.com/xhtml/vendor/tagify/dist/tagify.js]
[w3crm.dexignzone.com/xhtml/vendor/datatables/js/jquery.dataTables.min.js]
[w3crm.dexignzone.com/xhtml/vendor/datatables/js/dataTables.buttons.min.js]
[w3crm.dexignzone.com/xhtml/vendor/datatables/js/buttons.html5.min.js]
[w3crm.dexignzone.com/xhtml/vendor/datatables/js/jszip.min.js]
[w3crm.dexignzone.com/xhtml/js/plugins-init/datatables.init.js]
[w3crm.dexignzone.com/xhtml/vendor/bootstrap-datetimepicker/js/moment.js]
[w3crm.dexignzone.com/xhtml/vendor/bootstrap-datetimepicker/js/bootstrap-datetimepicker.min.js]
[w3crm.dexignzone.com/xhtml/vendor/jqvmap/js/jquery.vmap.min.js]
[w3crm.dexignzone.com/xhtml/vendor/jqvmap/js/jquery.vmap.world.js]
[w3crm.dexignzone.com/xhtml/vendor/jqvmap/js/jquery.vmap.usa.js]
[w3crm.dexignzone.com/xhtml/js/custom.js]
[w3crm.dexignzone.com/xhtml/js/deznav-init.js]
[w3crm.dexignzone.com/xhtml/js/demo.js]
[w3crm.dexignzone.com/xhtml/js/styleSwitcher.js]
[w3crm.dexignzone.com/xhtml/index.html]
[w3crm.dexignzone.com/xhtml/vendor/bootstrap-select/dist/css/bootstrap-select.min.css]
[w3crm.dexignzone.com/xhtml/vendor/swiper/css/swiper-bundle.min.css]
[fonts.googleapis.com/css2e91f.css]
[cdnjs.cloudflare.com/ajax/libs/noUiSlider/14.6.4/nouislider.min.css]
[w3crm.dexignzone.com/xhtml/vendor/datatables/images/sort_both.png]
[w3crm.dexignzone.com/xhtml/vendor/datatables/images/sort_asc.png]
[w3crm.dexignzone.com/xhtml/vendor/datatables/images/sort_desc.png]
[w3crm.dexignzone.com/xhtml/vendor/datatables/images/sort_asc_disabled.png]
[w3crm.dexignzone.com/xhtml/vendor/datatables/images/sort_desc_disabled.png]
[w3crm.dexignzone.com/xhtml/vendor/datatables/css/jquery.dataTables.min.css]
[w3crm.dexignzone.com/xhtml/vendor/jvmap/jquery-jvectormap.css]
[cdn.datatables.net/buttons/1.6.4/css/buttons.dataTables.min.css]
[w3crm.dexignzone.com/xhtml/vendor/bootstrap-datetimepicker/css/bootstrap-datetimepicker.min.css]
[w3crm.dexignzone.com/xhtml/vendor/tagify/dist/tagify.css]
[w3crm.dexignzone.com/xhtml/icons/simple-line-icons/css/simple-line-icons.css]
[w3crm.dexignzone.com/xhtml/icons/fontawesome6/css/all.min.css]
[w3crm.dexignzone.com/xhtml/icons/fontawesome/css/all.min.css]
[w3crm.dexignzone.com/xhtml/icons/material-design-iconic-font/css/materialdesignicons.min.css]
[w3crm.dexignzone.com/xhtml/icons/themify-icons/css/themify-icons.css]
[w3crm.dexignzone.com/xhtml/icons/line-awesome/css/line-awesome.min.css]
[w3crm.dexignzone.com/xhtml/icons/avasta/css/style.css]
[w3crm.dexignzone.com/xhtml/icons/icomoon/icomoon.css]
[w3crm.dexignzone.com/xhtml/icons/bootstrap-icons/font/bootstrap-icons.css]
[w3crm.dexignzone.com/xhtml/vendor/perfect-scrollbar/css/perfect-scrollbar.css]
[w3crm.dexignzone.com/xhtml/vendor/metismenu/css/metisMenu.min.css]
[w3crm.dexignzone.com/xhtml/images/pattern/pattern5.png]
[w3crm.dexignzone.com/xhtml/images/profile/cover.jpg]
[w3crm.dexignzone.com/xhtml/images/crm-profile.jpg]
[w3crm.dexignzone.com/xhtml/images/like.png]
[w3crm.dexignzone.com/xhtml/images/profile/12.jpg]
[w3crm.dexignzone.com/xhtml/css/style.css]
[w3crm.dexignzone.com/xhtml/vendor/lightgallery/css/lightgallery.min.css]
[w3crm.dexignzone.com/xhtml/images/profile/profile.png]
[w3crm.dexignzone.com/xhtml/images/profile/1.jpg]
[w3crm.dexignzone.com/xhtml/images/profile/2.jpg]
[w3crm.dexignzone.com/xhtml/images/profile/3.jpg]
[w3crm.dexignzone.com/xhtml/images/profile/4.jpg]
[w3crm.dexignzone.com/xhtml/images/profile/5.jpg]
[w3crm.dexignzone.com/xhtml/images/profile/6.jpg]
[w3crm.dexignzone.com/xhtml/images/profile/7.jpg]
[w3crm.dexignzone.com/xhtml/images/profile/8.jpg]
[w3crm.dexignzone.com/xhtml/images/profile/9.jpg]
[w3crm.dexignzone.com/xhtml/vendor/jquery-nice-select/js/jquery.nice-select.min.js]
[w3crm.dexignzone.com/xhtml/app-profile.html]
[w3crm.dexignzone.com/xhtml/vendor/lightgallery/js/lightgallery-all.min.js]
[w3crm.dexignzone.com/xhtml/vendor/dropzone/dist/dropzone.css]
[w3crm.dexignzone.com/xhtml/email-inbox.html]
[w3crm.dexignzone.com/xhtml/vendor/dropzone/dist/dropzone.js]
[w3crm.dexignzone.com/xhtml/page-forgot-password.html]
[w3crm.dexignzone.com/xhtml/images/logo-full.png]
[w3crm.dexignzone.com/xhtml/images/logi-white.png]
[w3crm.dexignzone.com/xhtml/images/login.png]
[w3crm.dexignzone.com/xhtml/page-login.html]
[w3crm.dexignzone.com/xhtml/index-2.html]
[w3crm.dexignzone.com/xhtml/employee.html]
[w3crm.dexignzone.com/xhtml/vendor/clockpicker/css/bootstrap-clockpicker.min.css]
[w3crm.dexignzone.com/xhtml/vendor/clockpicker/js/bootstrap-clockpicker.min.js]
[w3crm.dexignzone.com/xhtml/js/plugins-init/clock-picker-init.js]
[w3crm.dexignzone.com/xhtml/core-hr.html]
[w3crm.dexignzone.com/xhtml/finance.html]
[w3crm.dexignzone.com/xhtml/task.html]
[w3crm.dexignzone.com/xhtml/task-summary.html]
[w3crm.dexignzone.com/xhtml/performance.html]
[w3crm.dexignzone.com/xhtml/project.html]
[w3crm.dexignzone.com/xhtml/reports.html]
[w3crm.dexignzone.com/xhtml/js/dashboard/core-hr.js]
[w3crm.dexignzone.com/xhtml/manage-client.html]
[w3crm.dexignzone.com/xhtml/images/books.png]
[w3crm.dexignzone.com/xhtml/images/news.png]
[w3crm.dexignzone.com/xhtml/images/heart.png]
[w3crm.dexignzone.com/xhtml/images/file.png]
[w3crm.dexignzone.com/xhtml/images/blog/professional.jpg]
[w3crm.dexignzone.com/xhtml/images/profile/friends/f1.jpg]
[w3crm.dexignzone.com/xhtml/images/profile/friends/f2.jpg]
[w3crm.dexignzone.com/xhtml/images/profile/friends/f3.jpg]
[w3crm.dexignzone.com/xhtml/images/profile/friends/f4.jpg]
[w3crm.dexignzone.com/xhtml/images/blog/professional2.jpg]
[w3crm.dexignzone.com/xhtml/images/blog/s1.jpg]
[w3crm.dexignzone.com/xhtml/images/blog/s2.jpg]
[w3crm.dexignzone.com/xhtml/images/blog/s3.jpg]
[w3crm.dexignzone.com/xhtml/images/blog/s4.jpg]
[w3crm.dexignzone.com/xhtml/images/blog/s5.jpg]
[w3crm.dexignzone.com/xhtml/images/blog/s6.jpg]
[w3crm.dexignzone.com/xhtml/blog-1.html]
[w3crm.dexignzone.com/xhtml/profile/overview.html]
[w3crm.dexignzone.com/xhtml/profile/projects.html]
[w3crm.dexignzone.com/xhtml/profile/projects-details.html]
[w3crm.dexignzone.com/xhtml/profile/campaigns.html]
[w3crm.dexignzone.com/xhtml/profile/documents.html]
[w3crm.dexignzone.com/xhtml/profile/followers.html]
[w3crm.dexignzone.com/xhtml/profile/activity.html]
[w3crm.dexignzone.com/xhtml/account/overview.html]
[w3crm.dexignzone.com/xhtml/account/settings.html]
[w3crm.dexignzone.com/xhtml/account/security.html]
[w3crm.dexignzone.com/xhtml/account/activity.html]
[w3crm.dexignzone.com/xhtml/account/billing.html]
[w3crm.dexignzone.com/xhtml/account/statements.html]
[w3crm.dexignzone.com/xhtml/account/referrals.html]
[w3crm.dexignzone.com/xhtml/account/api-keys.html]
[w3crm.dexignzone.com/xhtml/account/logs.html]
[w3crm.dexignzone.com/xhtml/images/chat/1.png]
[w3crm.dexignzone.com/xhtml/images/chat/3.png]
[w3crm.dexignzone.com/xhtml/images/chat/2.png]
[w3crm.dexignzone.com/xhtml/images/chat/5.png]
[w3crm.dexignzone.com/xhtml/images/chat/4.png]
[w3crm.dexignzone.com/xhtml/images/chat/google-docs1.png]
[w3crm.dexignzone.com/xhtml/images/chat/play-button1.png]
[w3crm.dexignzone.com/xhtml/images/chat/music-notes1.png]
[w3crm.dexignzone.com/xhtml/images/chat/pdf.png]
[w3crm.dexignzone.com/xhtml/chat.html]
[w3crm.dexignzone.com/xhtml/images/user1.jpg]
[w3crm.dexignzone.com/xhtml/user.html]
[w3crm.dexignzone.com/xhtml/edit-profile.html]
[w3crm.dexignzone.com/xhtml/user-roles.html]
[w3crm.dexignzone.com/xhtml/add-role.html]
[w3crm.dexignzone.com/xhtml/app-profile-1.html]
[w3crm.dexignzone.com/xhtml/images/post/post1.jpg]
[w3crm.dexignzone.com/xhtml/images/post/post11.jpg]
[w3crm.dexignzone.com/xhtml/images/post/post12.jpg]
[w3crm.dexignzone.com/xhtml/images/post/post2.jpg]
[w3crm.dexignzone.com/xhtml/images/post/post13.jpg]
[w3crm.dexignzone.com/xhtml/app-profile-2.html]
[w3crm.dexignzone.com/xhtml/post-details.html]
[w3crm.dexignzone.com/xhtml/customer.html]
[w3crm.dexignzone.com/xhtml/images/economics.png]
[w3crm.dexignzone.com/xhtml/images/credit.png]
[w3crm.dexignzone.com/xhtml/customer-profile.html]
[w3crm.dexignzone.com/xhtml/contacts.html]
[w3crm.dexignzone.com/xhtml/email-compose.html]
[w3crm.dexignzone.com/xhtml/email-read.html]
[w3crm.dexignzone.com/xhtml/vendor/fullcalendar/css/main.min.css]
[w3crm.dexignzone.com/xhtml/vendor/moment/moment.min.js]
[w3crm.dexignzone.com/xhtml/vendor/fullcalendar/js/main.min.js]
[w3crm.dexignzone.com/xhtml/app-calender.html]
[w3crm.dexignzone.com/xhtml/js/plugins-init/fullcalendar-init.js]
[w3crm.dexignzone.com/xhtml/images/product/1.jpg]
[w3crm.dexignzone.com/xhtml/images/product/2.jpg]
[w3crm.dexignzone.com/xhtml/images/product/3.jpg]
[w3crm.dexignzone.com/xhtml/images/product/4.jpg]
[w3crm.dexignzone.com/xhtml/images/product/5.jpg]
[w3crm.dexignzone.com/xhtml/images/product/6.jpg]
[w3crm.dexignzone.com/xhtml/images/product/7.jpg]
[w3crm.dexignzone.com/xhtml/ecom-product-grid.html]
[w3crm.dexignzone.com/xhtml/vendor/star-rating/star-rating-svg.css]
[w3crm.dexignzone.com/xhtml/ecom-product-list.html]
[w3crm.dexignzone.com/xhtml/vendor/star-rating/jquery.star-rating-svg.js]
[w3crm.dexignzone.com/xhtml/images/tab/2.jpg]
[w3crm.dexignzone.com/xhtml/images/tab/3.jpg]
[w3crm.dexignzone.com/xhtml/images/tab/4.jpg]
[w3crm.dexignzone.com/xhtml/ecom-product-detail.html]
[w3crm.dexignzone.com/xhtml/ecom-product-order.html]
[w3crm.dexignzone.com/xhtml/ecom-checkout.html]
[w3crm.dexignzone.com/xhtml/images/qr.png]
[w3crm.dexignzone.com/xhtml/ecom-invoice.html]
[w3crm.dexignzone.com/xhtml/images/avatar/5.png]
[w3crm.dexignzone.com/xhtml/images/avatar/1.png]
[w3crm.dexignzone.com/xhtml/ecom-customers.html]
[w3crm.dexignzone.com/xhtml/images/svg/england.svg]
[w3crm.dexignzone.com/xhtml/images/svg/india.svg]
[w3crm.dexignzone.com/xhtml/auto-write.html]
[w3crm.dexignzone.com/xhtml/scheduled.html]
[w3crm.dexignzone.com/xhtml/repurpose.html]
[w3crm.dexignzone.com/xhtml/rss.html]
[w3crm.dexignzone.com/xhtml/images/svg/united-arab-emirates.svg]
[w3crm.dexignzone.com/xhtml/vendor/nouislider/nouislider.min.css]
[w3crm.dexignzone.com/xhtml/vendor/jquery-asColorPicker/css/asColorPicker.min.css]
[w3crm.dexignzone.com/xhtml/vendor/bootstrap-material-datetimepicker/css/bootstrap-material-datetimepicker.css]
[w3crm.dexignzone.com/xhtml/vendor/highlightjs/highlight.pack.min.js]
[w3crm.dexignzone.com/xhtml/vendor/nouislider/nouislider.min.js]
[w3crm.dexignzone.com/xhtml/vendor/wnumb/wNumb.js]
[w3crm.dexignzone.com/xhtml/vendor/jquery-asColor/jquery-asColor.min.js]
[w3crm.dexignzone.com/xhtml/vendor/jquery-asGradient/jquery-asGradient.min.js]
[w3crm.dexignzone.com/xhtml/vendor/jquery-asColorPicker/js/jquery-asColorPicker.min.js]
[w3crm.dexignzone.com/xhtml/chatbot.html]
[w3crm.dexignzone.com/xhtml/fine-tune-models.html]
[w3crm.dexignzone.com/xhtml/prompt.html]
[w3crm.dexignzone.com/xhtml/setting.html]
[w3crm.dexignzone.com/xhtml/import.html]
[w3crm.dexignzone.com/xhtml/js/plugins-init/jquery-asColorPicker.init.js]
[w3crm.dexignzone.com/xhtml/vendor/bootstrap-datepicker-master/css/bootstrap-datepicker.min.css]
[w3crm.dexignzone.com/xhtml/content-add.html]
[w3crm.dexignzone.com/xhtml/vendor/bootstrap-datepicker-master/js/bootstrap-datepicker.min.js]
[w3crm.dexignzone.com/xhtml/content.html]
[w3crm.dexignzone.com/xhtml/js/dashboard/cms.js]
[w3crm.dexignzone.com/xhtml/vendor/nestable2/css/jquery.nestable.min.css]
[w3crm.dexignzone.com/xhtml/vendor/nestable2/js/jquery.nestable.min.js]
[w3crm.dexignzone.com/xhtml/menu.html]
[w3crm.dexignzone.com/xhtml/js/plugins-init/nestable-init.js]
[w3crm.dexignzone.com/xhtml/email-template.html]
[w3crm.dexignzone.com/xhtml/add-email.html]
[w3crm.dexignzone.com/xhtml/add-blog.html]
[w3crm.dexignzone.com/xhtml/blog.html]
[w3crm.dexignzone.com/xhtml/blog-category.html]
[w3crm.dexignzone.com/xhtml/vendor/flot/jquery.flot.js]
[w3crm.dexignzone.com/xhtml/vendor/flot/jquery.flot.pie.js]
[w3crm.dexignzone.com/xhtml/vendor/flot/jquery.flot.resize.js]
[w3crm.dexignzone.com/xhtml/vendor/flot-spline/jquery.flot.spline.min.js]
[w3crm.dexignzone.com/xhtml/chart-flot.html]
[w3crm.dexignzone.com/xhtml/js/plugins-init/flot-init.js]
[w3crm.dexignzone.com/xhtml/vendor/raphael/raphael.min.js]
[w3crm.dexignzone.com/xhtml/vendor/morris/morris.min.js]
[w3crm.dexignzone.com/xhtml/chart-morris.html]
[w3crm.dexignzone.com/xhtml/js/plugins-init/morris-init.js]
[w3crm.dexignzone.com/xhtml/chart-chartjs.html]
[w3crm.dexignzone.com/xhtml/js/plugins-init/chartjs-init.js]
[w3crm.dexignzone.com/xhtml/vendor/chartist/css/chartist.min.css]
[w3crm.dexignzone.com/xhtml/vendor/chartist/js/chartist.min.js]
[w3crm.dexignzone.com/xhtml/vendor/chartist-plugin-tooltips/js/chartist-plugin-tooltip.min.js]
[w3crm.dexignzone.com/xhtml/chart-chartist.html]
[w3crm.dexignzone.com/xhtml/js/plugins-init/chartist-init.js]
[w3crm.dexignzone.com/xhtml/vendor/jquery-sparkline/jquery.sparkline.min.js]
[w3crm.dexignzone.com/xhtml/js/plugins-init/sparkline-init.js]
[w3crm.dexignzone.com/xhtml/vendor/svganimation/vivus.min.js]
[w3crm.dexignzone.com/xhtml/chart-sparkline.html]
[w3crm.dexignzone.com/xhtml/vendor/svganimation/svg.animation.js]
[w3crm.dexignzone.com/xhtml/vendor/peity/jquery.peity.min.js]
[w3crm.dexignzone.com/xhtml/chart-peity.html]
[w3crm.dexignzone.com/xhtml/js/plugins-init/piety-init.js]
[w3crm.dexignzone.com/xhtml/ui-accordion.html]
[w3crm.dexignzone.com/xhtml/ui-alert.html]
[w3crm.dexignzone.com/xhtml/ui-badge.html]
[w3crm.dexignzone.com/xhtml/ui-button.html]
[w3crm.dexignzone.com/xhtml/ui-modal.html]
[w3crm.dexignzone.com/xhtml/ui-button-group.html]
[w3crm.dexignzone.com/xhtml/js/highlight.min.js]
[w3crm.dexignzone.com/xhtml/ui-list-group.html]
[w3crm.dexignzone.com/xhtml/images/card/1.png]
[w3crm.dexignzone.com/xhtml/images/card/2.png]
[w3crm.dexignzone.com/xhtml/images/card/3.png]
[w3crm.dexignzone.com/xhtml/ui-card.html]
[w3crm.dexignzone.com/xhtml/images/big/img1.jpg]
[w3crm.dexignzone.com/xhtml/images/big/img2.jpg]
[w3crm.dexignzone.com/xhtml/images/big/img3.jpg]
[w3crm.dexignzone.com/xhtml/images/big/img4.jpg]
[w3crm.dexignzone.com/xhtml/images/big/img5.jpg]
[w3crm.dexignzone.com/xhtml/images/big/img6.jpg]
[w3crm.dexignzone.com/xhtml/images/big/img7.jpg]
[w3crm.dexignzone.com/xhtml/ui-carousel.html]
[w3crm.dexignzone.com/xhtml/ui-dropdown.html]
[w3crm.dexignzone.com/xhtml/ui-popover.html]
[w3crm.dexignzone.com/xhtml/ui-progressbar.html]
[w3crm.dexignzone.com/xhtml/ui-tab.html]
[w3crm.dexignzone.com/xhtml/ui-typography.html]
[w3crm.dexignzone.com/xhtml/ui-pagination.html]
[w3crm.dexignzone.com/xhtml/ui-grid.html]
[w3crm.dexignzone.com/xhtml/vendor/select2/css/select2.min.css]
[w3crm.dexignzone.com/xhtml/vendor/select2/js/select2.full.min.js]
[w3crm.dexignzone.com/xhtml/uc-select2.html]
[w3crm.dexignzone.com/xhtml/uc-nestable.html]
[w3crm.dexignzone.com/xhtml/js/plugins-init/select2-init.js]
[w3crm.dexignzone.com/xhtml/uc-noui-slider.html]
[w3crm.dexignzone.com/xhtml/vendor/sweetalert2/dist/sweetalert2.min.css]
[w3crm.dexignzone.com/xhtml/js/plugins-init/nouislider-init.js]
[w3crm.dexignzone.com/xhtml/vendor/sweetalert2/dist/sweetalert2.min.js]
[w3crm.dexignzone.com/xhtml/uc-sweetalert.html]
[w3crm.dexignzone.com/xhtml/js/plugins-init/sweetalert.init.js]
[w3crm.dexignzone.com/xhtml/vendor/toastr/css/toastr.min.css]
[w3crm.dexignzone.com/xhtml/vendor/toastr/js/toastr.min.js]
[w3crm.dexignzone.com/xhtml/uc-toastr.html]
[w3crm.dexignzone.com/xhtml/js/plugins-init/toastr-init.js]
[w3crm.dexignzone.com/xhtml/vendor/jqvmap/css/jqvmap.min.css]
[w3crm.dexignzone.com/xhtml/map-jqvmap.html]
[w3crm.dexignzone.com/xhtml/js/plugins-init/jqvmap-init.js]
[w3crm.dexignzone.com/xhtml/images/big/img8.jpg]
[w3crm.dexignzone.com/xhtml/uc-lightgallery.html]
[w3crm.dexignzone.com/xhtml/svg-icon.html]
[w3crm.dexignzone.com/xhtml/widget-basic.html]
[w3crm.dexignzone.com/xhtml/form-element.html]
[w3crm.dexignzone.com/xhtml/js/plugins-init/widgets-script-init.js]
[w3crm.dexignzone.com/xhtml/vendor/jquery-smartwizard/dist/css/smart_wizard.min.css]
[w3crm.dexignzone.com/xhtml/vendor/jquery-steps/build/jquery.steps.min.js]
[w3crm.dexignzone.com/xhtml/vendor/jquery-validation/jquery.validate.min.js]
[w3crm.dexignzone.com/xhtml/js/plugins-init/jquery.validate-init.js]
[w3crm.dexignzone.com/xhtml/form-wizard.html]
[w3crm.dexignzone.com/xhtml/vendor/jquery-smartwizard/dist/js/jquery.smartWizard.js]
[w3crm.dexignzone.com/xhtml/form-ckeditor.html]
[w3crm.dexignzone.com/xhtml/vendor/bootstrap-daterangepicker/daterangepicker.css]
[w3crm.dexignzone.com/xhtml/vendor/ckeditor/ckeditor.js]
[w3crm.dexignzone.com/xhtml/vendor/pickadate/themes/default.css]
[w3crm.dexignzone.com/xhtml/vendor/pickadate/themes/default.date.css]
[w3crm.dexignzone.com/xhtml/vendor/bootstrap-daterangepicker/daterangepicker.js]
[w3crm.dexignzone.com/xhtml/vendor/bootstrap-material-datetimepicker/js/bootstrap-material-datetimepicker.js]
[w3crm.dexignzone.com/xhtml/vendor/pickadate/picker.js]
[w3crm.dexignzone.com/xhtml/vendor/pickadate/picker.time.js]
[w3crm.dexignzone.com/xhtml/vendor/pickadate/picker.date.js]
[w3crm.dexignzone.com/xhtml/js/plugins-init/bs-daterange-picker-init.js]
[w3crm.dexignzone.com/xhtml/js/plugins-init/material-date-picker-init.js]
[w3crm.dexignzone.com/xhtml/form-pickers.html]
[w3crm.dexignzone.com/xhtml/form-validation.html]
[w3crm.dexignzone.com/xhtml/table-bootstrap-basic.html]
[w3crm.dexignzone.com/xhtml/js/plugins-init/pickadate-init.js]
[w3crm.dexignzone.com/xhtml/images/profile/small/pic1.jpg]
[w3crm.dexignzone.com/xhtml/images/profile/small/pic2.jpg]
[w3crm.dexignzone.com/xhtml/images/profile/small/pic3.jpg]
[w3crm.dexignzone.com/xhtml/images/profile/small/pic4.jpg]
[w3crm.dexignzone.com/xhtml/images/profile/small/pic5.jpg]
[w3crm.dexignzone.com/xhtml/images/profile/small/pic6.jpg]
[w3crm.dexignzone.com/xhtml/images/profile/small/pic7.jpg]
[w3crm.dexignzone.com/xhtml/images/profile/small/pic8.jpg]
[w3crm.dexignzone.com/xhtml/images/profile/small/pic9.jpg]
[w3crm.dexignzone.com/xhtml/images/profile/small/pic10.jpg]
[w3crm.dexignzone.com/xhtml/table-datatable-basic.html]
[w3crm.dexignzone.com/xhtml/page-register.html]
[w3crm.dexignzone.com/xhtml/page-error-400.html]
[w3crm.dexignzone.com/xhtml/page-error-403.html]
[w3crm.dexignzone.com/xhtml/page-error-404.html]
[w3crm.dexignzone.com/xhtml/page-error-500.html]
[w3crm.dexignzone.com/xhtml/page-error-503.html]
[w3crm.dexignzone.com/xhtml/page-lock-screen.html]
[w3crm.dexignzone.com/xhtml/empty-page.html]
[w3crm.dexignzone.com/xhtml/vendor/global/global.min.js]
[w3crm.dexignzone.com/xhtml/vendor/chart.js/Chart.bundle.min.js]
[w3crm.dexignzone.com/xhtml/vendor/bootstrap-select/dist/js/bootstrap-select.min.js]
[w3crm.dexignzone.com/xhtml/vendor/deznav/deznav.min.js]
[w3crm.dexignzone.com/xhtml/vendor/apexchart/apexchart.js]
[w3crm.dexignzone.com/xhtml/js/dashboard/dashboard-1.js]
[w3crm.dexignzone.com/xhtml/vendor/draggable/draggable.js]
[w3crm.dexignzone.com/xhtml/vendor/tagify/dist/tagify.js]
[w3crm.dexignzone.com/xhtml/vendor/datatables/js/jquery.dataTables.min.js]
[w3crm.dexignzone.com/xhtml/vendor/datatables/js/dataTables.buttons.min.js]
[w3crm.dexignzone.com/xhtml/vendor/datatables/js/buttons.html5.min.js]
[w3crm.dexignzone.com/xhtml/vendor/datatables/js/jszip.min.js]
[w3crm.dexignzone.com/xhtml/js/plugins-init/datatables.init.js]
[w3crm.dexignzone.com/xhtml/vendor/bootstrap-datetimepicker/js/moment.js]
[w3crm.dexignzone.com/xhtml/vendor/bootstrap-datetimepicker/js/bootstrap-datetimepicker.min.js]
[w3crm.dexignzone.com/xhtml/vendor/jqvmap/js/jquery.vmap.min.js]
[w3crm.dexignzone.com/xhtml/vendor/jqvmap/js/jquery.vmap.world.js]
[w3crm.dexignzone.com/xhtml/vendor/jqvmap/js/jquery.vmap.usa.js]
[w3crm.dexignzone.com/xhtml/js/custom.js]
[w3crm.dexignzone.com/xhtml/js/deznav-init.js]
[w3crm.dexignzone.com/xhtml/js/demo.js]
[w3crm.dexignzone.com/xhtml/js/styleSwitcher.js]
[w3crm.dexignzone.com/xhtml/icons/simple-line-icons/fonts/Simple-Line-Icons4c824c82.eot]
[w3crm.dexignzone.com/xhtml/icons/simple-line-icons/fonts/Simple-Line-Iconsd41dd41d.eot]
[w3crm.dexignzone.com/xhtml/icons/simple-line-icons/fonts/Simple-Line-Icons4c824c82.ttf]
[w3crm.dexignzone.com/xhtml/icons/simple-line-icons/fonts/Simple-Line-Icons4c824c82.woff2]
[w3crm.dexignzone.com/xhtml/icons/simple-line-icons/fonts/Simple-Line-Icons4c824c82.woff]
[w3crm.dexignzone.com/xhtml/icons/simple-line-icons/css/simple-line-icons.css]
[w3crm.dexignzone.com/xhtml/icons/simple-line-icons/fonts/Simple-Line-Icons4c824c82.svg]
[w3crm.dexignzone.com/xhtml/icons/fontawesome6/webfonts/fa-brands-400.woff2]
[w3crm.dexignzone.com/xhtml/icons/fontawesome6/webfonts/fa-brands-400.ttf]
[w3crm.dexignzone.com/xhtml/icons/fontawesome6/webfonts/fa-regular-400.woff2]
[w3crm.dexignzone.com/xhtml/icons/fontawesome6/webfonts/fa-regular-400.ttf]
[w3crm.dexignzone.com/xhtml/icons/fontawesome6/webfonts/fa-solid-900.woff2]
[w3crm.dexignzone.com/xhtml/icons/fontawesome6/webfonts/fa-solid-900.ttf]
[w3crm.dexignzone.com/xhtml/icons/fontawesome6/webfonts/fa-v4compatibility.woff2]
[w3crm.dexignzone.com/xhtml/icons/fontawesome6/webfonts/fa-v4compatibility.ttf]
[w3crm.dexignzone.com/xhtml/icons/fontawesome6/css/all.min.css]
[w3crm.dexignzone.com/xhtml/icons/fontawesome/webfonts/fa-brands-400.woff2]
[w3crm.dexignzone.com/xhtml/icons/fontawesome/webfonts/fa-brands-400.ttf]
[w3crm.dexignzone.com/xhtml/icons/fontawesome/webfonts/fa-regular-400.woff2]
[w3crm.dexignzone.com/xhtml/icons/fontawesome/webfonts/fa-regular-400.ttf]
[w3crm.dexignzone.com/xhtml/icons/fontawesome/webfonts/fa-solid-900.woff2]
[w3crm.dexignzone.com/xhtml/icons/fontawesome/webfonts/fa-solid-900.ttf]
[w3crm.dexignzone.com/xhtml/icons/fontawesome/webfonts/fa-v4compatibility.woff2]
[w3crm.dexignzone.com/xhtml/icons/fontawesome/webfonts/fa-v4compatibility.ttf]
[w3crm.dexignzone.com/xhtml/icons/fontawesome/css/all.min.css]
[w3crm.dexignzone.com/xhtml/icons/material-design-iconic-font/fonts/materialdesignicons-webfont683c.eot]
[w3crm.dexignzone.com/xhtml/icons/material-design-iconic-font/fonts/materialdesignicons-webfontd41d.eot]
[w3crm.dexignzone.com/xhtml/icons/material-design-iconic-font/fonts/materialdesignicons-webfont683c.woff2]
[w3crm.dexignzone.com/xhtml/icons/material-design-iconic-font/fonts/materialdesignicons-webfont683c.woff]
[w3crm.dexignzone.com/xhtml/icons/material-design-iconic-font/fonts/materialdesignicons-webfont683c.ttf]
[w3crm.dexignzone.com/xhtml/icons/material-design-iconic-font/css/materialdesignicons.min.css]
[w3crm.dexignzone.com/xhtml/icons/material-design-iconic-font/fonts/materialdesignicons-webfont683c.svg]
[w3crm.dexignzone.com/xhtml/icons/themify-icons/fonts/themify9f249f24.eot]
[w3crm.dexignzone.com/xhtml/icons/themify-icons/fonts/themifyd41dd41d.eot]
[w3crm.dexignzone.com/xhtml/icons/themify-icons/fonts/themify.woff]
[w3crm.dexignzone.com/xhtml/icons/themify-icons/fonts/themify.ttf]
[w3crm.dexignzone.com/xhtml/icons/themify-icons/css/themify-icons.css]
[w3crm.dexignzone.com/xhtml/icons/themify-icons/fonts/themify9f249f24.svg]
[w3crm.dexignzone.com/xhtml/icons/line-awesome/fonts/la-brands-400.eot]
[w3crm.dexignzone.com/xhtml/icons/line-awesome/fonts/la-brands-400d41d.eot]
[w3crm.dexignzone.com/xhtml/icons/line-awesome/fonts/la-brands-400.woff2]
[w3crm.dexignzone.com/xhtml/icons/line-awesome/fonts/la-brands-400.woff]
[w3crm.dexignzone.com/xhtml/icons/line-awesome/fonts/la-brands-400.ttf]
[w3crm.dexignzone.com/xhtml/icons/line-awesome/fonts/la-brands-400.svg]
[w3crm.dexignzone.com/xhtml/icons/line-awesome/fonts/la-regular-400.eot]
[w3crm.dexignzone.com/xhtml/icons/line-awesome/fonts/la-regular-400d41d.eot]
[w3crm.dexignzone.com/xhtml/icons/line-awesome/fonts/la-regular-400.woff2]
[w3crm.dexignzone.com/xhtml/icons/line-awesome/fonts/la-regular-400.woff]
[w3crm.dexignzone.com/xhtml/icons/line-awesome/fonts/la-regular-400.ttf]
[w3crm.dexignzone.com/xhtml/icons/line-awesome/fonts/la-regular-400.svg]
[w3crm.dexignzone.com/xhtml/icons/line-awesome/fonts/la-solid-900.eot]
[w3crm.dexignzone.com/xhtml/icons/line-awesome/fonts/la-solid-900.woff2]
[w3crm.dexignzone.com/xhtml/icons/line-awesome/fonts/la-solid-900.woff]
[w3crm.dexignzone.com/xhtml/icons/line-awesome/fonts/la-solid-900d41d.eot]
[w3crm.dexignzone.com/xhtml/icons/line-awesome/fonts/la-solid-900.ttf]
[w3crm.dexignzone.com/xhtml/icons/line-awesome/css/line-awesome.min.css]
[w3crm.dexignzone.com/xhtml/icons/line-awesome/fonts/la-solid-900.svg]
[w3crm.dexignzone.com/xhtml/icons/avasta/fonts/avasta.eot]
[w3crm.dexignzone.com/xhtml/icons/avasta/fonts/avasta.woff2]
[w3crm.dexignzone.com/xhtml/icons/avasta/fonts/avasta.woff]
[w3crm.dexignzone.com/xhtml/icons/avasta/fonts/avasta.ttf]
[w3crm.dexignzone.com/xhtml/icons/avasta/css/style.css]
[w3crm.dexignzone.com/xhtml/icons/avasta/fonts/avasta.svg]
[w3crm.dexignzone.com/xhtml/icons/icomoon/fonts/icomoon.eot]
[w3crm.dexignzone.com/xhtml/icons/icomoon/fonts/icomoon.ttf]
[w3crm.dexignzone.com/xhtml/icons/icomoon/fonts/icomoon.woff]
[w3crm.dexignzone.com/xhtml/icons/icomoon/icomoon.css]
[w3crm.dexignzone.com/xhtml/icons/icomoon/fonts/icomoon.svg]
[w3crm.dexignzone.com/xhtml/icons/bootstrap-icons/font/fonts/bootstrap-iconse36a.woff2]
[w3crm.dexignzone.com/xhtml/icons/bootstrap-icons/font/bootstrap-icons.css]
[w3crm.dexignzone.com/xhtml/vendor/perfect-scrollbar/css/perfect-scrollbar.css]
[w3crm.dexignzone.com/xhtml/vendor/metismenu/css/metisMenu.min.css]
[w3crm.dexignzone.com/xhtml/icons/bootstrap-icons/font/fonts/bootstrap-iconse36a.woff]
[w3crm.dexignzone.com/xhtml/vendor/lightgallery/fonts/lgd641.eot]
[w3crm.dexignzone.com/xhtml/vendor/lightgallery/fonts/lgd41d.eot]
[w3crm.dexignzone.com/xhtml/vendor/lightgallery/fonts/lgd641.woff]
[w3crm.dexignzone.com/xhtml/vendor/lightgallery/fonts/lgd641.ttf]
[w3crm.dexignzone.com/xhtml/vendor/lightgallery/fonts/lgd641.svg]
[w3crm.dexignzone.com/xhtml/vendor/lightgallery/img/vimeo-play.png]
[w3crm.dexignzone.com/xhtml/vendor/lightgallery/img/video-play.png]
[w3crm.dexignzone.com/xhtml/vendor/lightgallery/img/youtube-play.png]
[w3crm.dexignzone.com/xhtml/vendor/lightgallery/img/loading.gif]
[w3crm.dexignzone.com/xhtml/vendor/lightgallery/css/lightgallery.min.css]
[w3crm.dexignzone.com/xhtml/vendor/jquery-nice-select/js/jquery.nice-select.min.js]
[w3crm.dexignzone.com/xhtml/vendor/lightgallery/js/lightgallery-all.min.js]
[w3crm.dexignzone.com/xhtml/vendor/dropzone/dist/dropzone.css]
[w3crm.dexignzone.com/xhtml/vendor/dropzone/dist/dropzone.js]
[w3crm.dexignzone.com/xhtml/page-forgot-password.html]
[w3crm.dexignzone.com/xhtml/vendor/clockpicker/css/bootstrap-clockpicker.min.css]
[w3crm.dexignzone.com/xhtml/vendor/clockpicker/js/bootstrap-clockpicker.min.js]
[w3crm.dexignzone.com/xhtml/js/plugins-init/clock-picker-init.js]
[w3crm.dexignzone.com/xhtml/js/dashboard/core-hr.js]
[w3crm.dexignzone.com/xhtml/vendor/fullcalendar/css/main.min.css]
[w3crm.dexignzone.com/xhtml/vendor/moment/moment.min.js]
[w3crm.dexignzone.com/xhtml/vendor/fullcalendar/js/main.min.js]
[w3crm.dexignzone.com/xhtml/js/plugins-init/fullcalendar-init.js]
[w3crm.dexignzone.com/xhtml/vendor/star-rating/star-rating-svg.css]
[w3crm.dexignzone.com/xhtml/vendor/star-rating/jquery.star-rating-svg.js]
[w3crm.dexignzone.com/xhtml/vendor/highlightjs/highlight.pack.min.js]
[w3crm.dexignzone.com/xhtml/images/svg/england.svg]
[w3crm.dexignzone.com/xhtml/images/svg/india.svg]
[w3crm.dexignzone.com/xhtml/images/svg/united-arab-emirates.svg]
[w3crm.dexignzone.com/xhtml/vendor/nouislider/nouislider.min.css]
[w3crm.dexignzone.com/xhtml/vendor/jquery-asColorPicker/images/transparent.png]
[w3crm.dexignzone.com/xhtml/vendor/jquery-asColorPicker/images/saturation.png]
[w3crm.dexignzone.com/xhtml/vendor/jquery-asColorPicker/images/hue.png]
[w3crm.dexignzone.com/xhtml/vendor/jquery-asColorPicker/images/alpha.png]
[w3crm.dexignzone.com/xhtml/vendor/jquery-asColorPicker/css/asColorPicker.min.css]
[w3crm.dexignzone.com/xhtml/vendor/bootstrap-material-datetimepicker/css/bootstrap-material-datetimepicker.css]
[w3crm.dexignzone.com/xhtml/vendor/nouislider/nouislider.min.js]
[w3crm.dexignzone.com/xhtml/vendor/wnumb/wNumb.js]
[w3crm.dexignzone.com/xhtml/vendor/jquery-asColor/jquery-asColor.min.js]
[w3crm.dexignzone.com/xhtml/vendor/jquery-asGradient/jquery-asGradient.min.js]
[w3crm.dexignzone.com/xhtml/vendor/jquery-asColorPicker/js/jquery-asColorPicker.min.js]
[w3crm.dexignzone.com/xhtml/js/plugins-init/jquery-asColorPicker.init.js]
[w3crm.dexignzone.com/xhtml/vendor/bootstrap-datepicker-master/css/bootstrap-datepicker.min.css]
[w3crm.dexignzone.com/xhtml/images/no-img-avatar.png]
[w3crm.dexignzone.com/xhtml/content-add.html]
[w3crm.dexignzone.com/xhtml/vendor/bootstrap-datepicker-master/js/bootstrap-datepicker.min.js]
[w3crm.dexignzone.com/xhtml/js/dashboard/cms.js]
[w3crm.dexignzone.com/xhtml/vendor/nestable2/css/jquery.nestable.min.css]
[w3crm.dexignzone.com/xhtml/vendor/nestable2/js/jquery.nestable.min.js]
[w3crm.dexignzone.com/xhtml/js/plugins-init/nestable-init.js]
[w3crm.dexignzone.com/xhtml/add-email.html]
[w3crm.dexignzone.com/xhtml/add-blog.html]
[w3crm.dexignzone.com/xhtml/blog-category.html]
[w3crm.dexignzone.com/xhtml/vendor/flot/jquery.flot.js]
[w3crm.dexignzone.com/xhtml/vendor/flot/jquery.flot.pie.js]
[w3crm.dexignzone.com/xhtml/vendor/flot/jquery.flot.resize.js]
[w3crm.dexignzone.com/xhtml/vendor/flot-spline/jquery.flot.spline.min.js]
[w3crm.dexignzone.com/xhtml/js/plugins-init/flot-init.js]
[w3crm.dexignzone.com/xhtml/vendor/raphael/raphael.min.js]
[w3crm.dexignzone.com/xhtml/vendor/morris/morris.min.js]
[w3crm.dexignzone.com/xhtml/js/plugins-init/morris-init.js]
[w3crm.dexignzone.com/xhtml/js/plugins-init/chartjs-init.js]
[w3crm.dexignzone.com/xhtml/vendor/chartist/css/chartist.min.css]
[w3crm.dexignzone.com/xhtml/vendor/chartist/js/chartist.min.js]
[w3crm.dexignzone.com/xhtml/vendor/chartist-plugin-tooltips/js/chartist-plugin-tooltip.min.js]
[w3crm.dexignzone.com/xhtml/js/plugins-init/chartist-init.js]
[w3crm.dexignzone.com/xhtml/vendor/jquery-sparkline/jquery.sparkline.min.js]
[w3crm.dexignzone.com/xhtml/js/plugins-init/sparkline-init.js]
[w3crm.dexignzone.com/xhtml/vendor/svganimation/vivus.min.js]
[w3crm.dexignzone.com/xhtml/vendor/svganimation/svg.animation.js]
[w3crm.dexignzone.com/xhtml/vendor/peity/jquery.peity.min.js]
[w3crm.dexignzone.com/xhtml/js/plugins-init/piety-init.js]
[w3crm.dexignzone.com/xhtml/js/highlight.min.js]
[w3crm.dexignzone.com/xhtml/vendor/select2/css/select2.min.css]
[w3crm.dexignzone.com/xhtml/vendor/select2/js/select2.full.min.js]
[w3crm.dexignzone.com/xhtml/js/plugins-init/select2-init.js]
[w3crm.dexignzone.com/xhtml/js/plugins-init/nouislider-init.js]
[w3crm.dexignzone.com/xhtml/vendor/sweetalert2/dist/sweetalert2.min.css]
[w3crm.dexignzone.com/xhtml/vendor/sweetalert2/dist/sweetalert2.min.js]
[w3crm.dexignzone.com/xhtml/js/plugins-init/sweetalert.init.js]
[w3crm.dexignzone.com/xhtml/vendor/toastr/css/toastr.min.css]
[w3crm.dexignzone.com/xhtml/vendor/toastr/js/toastr.min.js]
[w3crm.dexignzone.com/xhtml/js/plugins-init/toastr-init.js]
[w3crm.dexignzone.com/xhtml/vendor/jqvmap/css/jqvmap.min.css]
[w3crm.dexignzone.com/xhtml/js/plugins-init/jqvmap-init.js]
[w3crm.dexignzone.com/xhtml/js/plugins-init/widgets-script-init.js]
[w3crm.dexignzone.com/xhtml/vendor/jquery-smartwizard/dist/css/smart_wizard.min.css]
[w3crm.dexignzone.com/xhtml/vendor/jquery-steps/build/jquery.steps.min.js]
[w3crm.dexignzone.com/xhtml/vendor/jquery-validation/jquery.validate.min.js]
[w3crm.dexignzone.com/xhtml/js/plugins-init/jquery.validate-init.js]
[w3crm.dexignzone.com/xhtml/vendor/jquery-smartwizard/dist/js/jquery.smartWizard.js]
[w3crm.dexignzone.com/xhtml/vendor/ckeditor/ckeditor.js]
[w3crm.dexignzone.com/xhtml/vendor/bootstrap-daterangepicker/daterangepicker.css]
[w3crm.dexignzone.com/xhtml/vendor/pickadate/themes/default.css]
[w3crm.dexignzone.com/xhtml/vendor/pickadate/themes/default.date.css]
[fonts.googleapis.com/icone91f.css]
[w3crm.dexignzone.com/xhtml/vendor/bootstrap-daterangepicker/daterangepicker.js]
[w3crm.dexignzone.com/xhtml/vendor/bootstrap-material-datetimepicker/js/bootstrap-material-datetimepicker.js]
[w3crm.dexignzone.com/xhtml/vendor/pickadate/picker.js]
[w3crm.dexignzone.com/xhtml/vendor/pickadate/picker.time.js]
[w3crm.dexignzone.com/xhtml/vendor/pickadate/picker.date.js]
[w3crm.dexignzone.com/xhtml/js/plugins-init/bs-daterange-picker-init.js]
[w3crm.dexignzone.com/xhtml/js/plugins-init/material-date-picker-init.js]
[w3crm.dexignzone.com/xhtml/js/plugins-init/pickadate-init.js]
[w3crm.dexignzone.com/xhtml/vendor/deznav/deznav.min.js]
[w3crm.dexignzone.com/xhtml/Trident/index.html]
[w3crm.dexignzone.com/xhtml/Edge/index.html]
[w3crm.dexignzone.com/xhtml/@yaireo/tagify/index.html]
[w3crm.dexignzone.com/xhtml/icons/simple-line-icons/fonts/Simple-Line-Icons4c824c82.svg]
[w3crm.dexignzone.com/xhtml/icons/material-design-iconic-font/fonts/materialdesignicons-webfont683c.svg]
[w3crm.dexignzone.com/xhtml/icons/themify-icons/fonts/themify9f249f24.svg]
[w3crm.dexignzone.com/xhtml/icons/line-awesome/fonts/la-brands-400.svg]
[w3crm.dexignzone.com/xhtml/icons/line-awesome/fonts/la-regular-400.svg]
[w3crm.dexignzone.com/xhtml/icons/line-awesome/fonts/la-solid-900.svg]
[w3crm.dexignzone.com/xhtml/icons/avasta/fonts/avasta.svg]
[w3crm.dexignzone.com/xhtml/icons/icomoon/fonts/icomoon.svg]
[w3crm.dexignzone.com/xhtml/vendor/lightgallery/fonts/lgd641.svg]
[w3crm.dexignzone.com/xhtml/applewebkit/index.html]
[w3crm.dexignzone.com/xhtml/chrome/index.html]
[w3crm.dexignzone.com/xhtml/edge/index-2.html]
[/images/favicon.png]
[/vendor/tagify/dist/tagify.css]
[/vendor/lightgallery/css/lightgallery.min.css]
[/vendor/bootstrap-select/dist/css/bootstrap-select.min.css]
[/css/style.css]
[/images/avatar/1.jpg]
[/images/avatar/2.jpg]
[/images/avatar/3.jpg]
[/images/avatar/4.jpg]
[/images/avatar/5.jpg]
[/images/tab/1.jpg]
[/images/avatar/pic7.jpg]
[/images/blue-tick.png]
[/images/avatar/avatar1.jpg]
[/images/avatar/avatar2.jpg]
[/images/post/img-full1.jpg]
[/images/post/img2.jpg]
[/images/post/img1.jpg]
[/images/post/img3.jpg]
[/images/avatar/avatar3.jpg]
[/images/post/img-full2.jpg]
[/images/post/img4.jpg]
[/images/post/img5.jpg]
[/images/post/img6.jpg]
[/images/avatar/avatar4.jpg]
[/images/avatar/avatar5.jpg]
[/images/post/img8.jpg]
[/images/avatar/avatar6.jpg]
[/images/post/img7.jpg]
[/images/avatar/avatar7.jpg]
[/images/avatar/avatar8.jpg]
[/images/logo/google.png]
[/images/logo/figma.png]
[/images/logo/slack.png]
[/images/logo/html.png]
[/cdn-cgi/scripts/5c5dd728/cloudflare-static/email-decode.min.js]
[/vendor/global/global.min.js]
[/vendor/bootstrap-select/dist/js/bootstrap-select.min.js]
[/vendor/apexchart/apexchart.js]
[/vendor/draggable/draggable.js]
[/vendor/lightgallery/js/lightgallery-all.min.js]
[/vendor/tagify/dist/tagify.js]
[/js/custom.js]
[/js/deznav-init.js]
[/js/dashboard/profile.js]
[/js/demo.js]
[/js/styleSwitcher.js]
[/images/logo/github.png]
[/images/logo/spotify.png]
[/images/logo/twitch.png]
[/images/logo/dropbox.png]
[/images/logo/amazon.png]
[/vendor/owl-carousel/owl.carousel.css]
[/vendor/datatables/css/jquery.dataTables.min.css]
[/images/avatar/6.jpg]
[/images/avatar/7.jpg]
[/images/files/pdf.png]
[/images/files/css.png]
[/images/files/csv.png]
[/images/files/mp3.png]
[/vendor/datatables/js/jquery.dataTables.min.js]
[/vendor/datatables/js/dataTables.buttons.min.js]
[/vendor/datatables/js/buttons.html5.min.js]
[/vendor/datatables/js/jszip.min.js]
[/vendor/owl-carousel/owl.carousel.js]
[/images/logo/large/twitch.png]
[/images/logo/large/twitter.png]
[/images/logo/large/spotify.png]
[/images/logo/large/telegram.png]
[/images/logo/large/pinterest.png]
[/images/logo/large/github.png]
[/images/logo/large/youtube.png]
[/images/logo/large/reddit.png]
[/images/files/folder.png]
[/images/files/html.png]
[/images/files/ppt.png]
[/images/blog/screen1.jpg]
[/images/blog/screen2.jpg]
[/images/blog/screen3.jpg]
[/images/upgrade-light.png]
[/images/upgrade-dark.png]
[/images/card1.jpg]
[/images/card2.jpg]
